mode: set
github.com/kweaver-ai/dsg/services/apps/standardization-backend/api/internal/errorx/codes.go:38.43,40.2 1 0
github.com/kweaver-ai/dsg/services/apps/standardization-backend/api/internal/errorx/codes.go:43.49,45.2 1 0
github.com/kweaver-ai/dsg/services/apps/standardization-backend/api/internal/errorx/codes.go:48.29,50.2 1 0
github.com/kweaver-ai/dsg/services/apps/standardization-backend/api/internal/errorx/codes.go:53.31,55.2 1 0
github.com/kweaver-ai/dsg/services/apps/standardization-backend/api/internal/errorx/codes.go:58.30,60.2 1 0
github.com/kweaver-ai/dsg/services/apps/standardization-backend/api/internal/errorx/codes.go:63.57,65.2 1 0
github.com/kweaver-ai/dsg/services/apps/standardization-backend/api/internal/errorx/codes.go:68.49,70.2 1 0
github.com/kweaver-ai/dsg/services/apps/standardization-backend/api/internal/errorx/codes.go:73.59,75.2 1 0
github.com/kweaver-ai/dsg/services/apps/standardization-backend/api/internal/errorx/codes.go:78.53,80.2 1 0
github.com/kweaver-ai/dsg/services/apps/standardization-backend/api/internal/errorx/codes.go:83.37,85.2 1 0
github.com/kweaver-ai/dsg/services/apps/standardization-backend/api/internal/errorx/codes.go:88.39,90.2 1 0
github.com/kweaver-ai/dsg/services/apps/standardization-backend/api/internal/errorx/codes.go:93.27,95.2 1 0
github.com/kweaver-ai/dsg/services/apps/standardization-backend/api/internal/errorx/codes.go:98.32,100.2 1 0
github.com/kweaver-ai/dsg/services/apps/standardization-backend/api/internal/errorx/codes.go:103.31,105.2 1 0
github.com/kweaver-ai/dsg/services/apps/standardization-backend/api/internal/errorx/codes.go:108.33,110.2 1 0
github.com/kweaver-ai/dsg/services/apps/standardization-backend/api/internal/handler/rule/create_rule_handler.go:16.69,17.54 1 0
github.com/kweaver-ai/dsg/services/apps/standardization-backend/api/internal/handler/rule/create_rule_handler.go:17.54,19.46 2 0
github.com/kweaver-ai/dsg/services/apps/standardization-backend/api/internal/handler/rule/create_rule_handler.go:19.46,22.4 2 0
github.com/kweaver-ai/dsg/services/apps/standardization-backend/api/internal/handler/rule/create_rule_handler.go:24.3,26.17 3 0
github.com/kweaver-ai/dsg/services/apps/standardization-backend/api/internal/handler/rule/create_rule_handler.go:26.17,28.4 1 0
github.com/kweaver-ai/dsg/services/apps/standardization-backend/api/internal/handler/rule/create_rule_handler.go:28.9,30.4 1 0
github.com/kweaver-ai/dsg/services/apps/standardization-backend/api/internal/handler/rule/delete_rule_handler.go:15.69,16.54 1 0
github.com/kweaver-ai/dsg/services/apps/standardization-backend/api/internal/handler/rule/delete_rule_handler.go:16.54,22.17 4 0
github.com/kweaver-ai/dsg/services/apps/standardization-backend/api/internal/handler/rule/delete_rule_handler.go:22.17,24.4 1 0
github.com/kweaver-ai/dsg/services/apps/standardization-backend/api/internal/handler/rule/delete_rule_handler.go:24.9,26.4 1 0
github.com/kweaver-ai/dsg/services/apps/standardization-backend/api/internal/handler/rule/get_custom_date_format_handler.go:15.78,16.54 1 0
github.com/kweaver-ai/dsg/services/apps/standardization-backend/api/internal/handler/rule/get_custom_date_format_handler.go:16.54,19.17 3 0
github.com/kweaver-ai/dsg/services/apps/standardization-backend/api/internal/handler/rule/get_custom_date_format_handler.go:19.17,21.4 1 0
github.com/kweaver-ai/dsg/services/apps/standardization-backend/api/internal/handler/rule/get_custom_date_format_handler.go:21.9,23.4 1 0
github.com/kweaver-ai/dsg/services/apps/standardization-backend/api/internal/handler/rule/get_rule_detail_by_data_code_handler.go:15.82,16.54 1 0
github.com/kweaver-ai/dsg/services/apps/standardization-backend/api/internal/handler/rule/get_rule_detail_by_data_code_handler.go:16.54,21.17 4 0
github.com/kweaver-ai/dsg/services/apps/standardization-backend/api/internal/handler/rule/get_rule_detail_by_data_code_handler.go:21.17,23.4 1 0
github.com/kweaver-ai/dsg/services/apps/standardization-backend/api/internal/handler/rule/get_rule_detail_by_data_code_handler.go:23.9,25.4 1 0
github.com/kweaver-ai/dsg/services/apps/standardization-backend/api/internal/handler/rule/get_rule_detail_by_data_id_handler.go:16.80,17.54 1 0
github.com/kweaver-ai/dsg/services/apps/standardization-backend/api/internal/handler/rule/get_rule_detail_by_data_id_handler.go:17.54,20.17 3 0
github.com/kweaver-ai/dsg/services/apps/standardization-backend/api/internal/handler/rule/get_rule_detail_by_data_id_handler.go:20.17,23.4 2 0
github.com/kweaver-ai/dsg/services/apps/standardization-backend/api/internal/handler/rule/get_rule_detail_by_data_id_handler.go:25.3,27.17 3 0
github.com/kweaver-ai/dsg/services/apps/standardization-backend/api/internal/handler/rule/get_rule_detail_by_data_id_handler.go:27.17,29.4 1 0
github.com/kweaver-ai/dsg/services/apps/standardization-backend/api/internal/handler/rule/get_rule_detail_by_data_id_handler.go:29.9,31.4 1 0
github.com/kweaver-ai/dsg/services/apps/standardization-backend/api/internal/handler/rule/get_rule_handler.go:16.66,17.54 1 0
github.com/kweaver-ai/dsg/services/apps/standardization-backend/api/internal/handler/rule/get_rule_handler.go:17.54,21.17 3 0
github.com/kweaver-ai/dsg/services/apps/standardization-backend/api/internal/handler/rule/get_rule_handler.go:21.17,24.4 2 0
github.com/kweaver-ai/dsg/services/apps/standardization-backend/api/internal/handler/rule/get_rule_handler.go:26.3,28.17 3 0
github.com/kweaver-ai/dsg/services/apps/standardization-backend/api/internal/handler/rule/get_rule_handler.go:28.17,30.4 1 0
github.com/kweaver-ai/dsg/services/apps/standardization-backend/api/internal/handler/rule/get_rule_handler.go:30.9,32.4 1 0
github.com/kweaver-ai/dsg/services/apps/standardization-backend/api/internal/handler/rule/get_rule_internal_handler.go:16.74,17.54 1 0
github.com/kweaver-ai/dsg/services/apps/standardization-backend/api/internal/handler/rule/get_rule_internal_handler.go:17.54,20.17 3 0
github.com/kweaver-ai/dsg/services/apps/standardization-backend/api/internal/handler/rule/get_rule_internal_handler.go:20.17,23.4 2 0
github.com/kweaver-ai/dsg/services/apps/standardization-backend/api/internal/handler/rule/get_rule_internal_handler.go:25.3,27.17 3 0
github.com/kweaver-ai/dsg/services/apps/standardization-backend/api/internal/handler/rule/get_rule_internal_handler.go:27.17,29.4 1 0
github.com/kweaver-ai/dsg/services/apps/standardization-backend/api/internal/handler/rule/get_rule_internal_handler.go:29.9,31.4 1 0
github.com/kweaver-ai/dsg/services/apps/standardization-backend/api/internal/handler/rule/list_rule_handler.go:16.67,17.54 1 0
github.com/kweaver-ai/dsg/services/apps/standardization-backend/api/internal/handler/rule/list_rule_handler.go:17.54,19.46 2 0
github.com/kweaver-ai/dsg/services/apps/standardization-backend/api/internal/handler/rule/list_rule_handler.go:19.46,22.4 2 0
github.com/kweaver-ai/dsg/services/apps/standardization-backend/api/internal/handler/rule/list_rule_handler.go:24.3,26.17 3 0
github.com/kweaver-ai/dsg/services/apps/standardization-backend/api/internal/handler/rule/list_rule_handler.go:26.17,28.4 1 0
github.com/kweaver-ai/dsg/services/apps/standardization-backend/api/internal/handler/rule/list_rule_handler.go:28.9,30.4 1 0
github.com/kweaver-ai/dsg/services/apps/standardization-backend/api/internal/handler/rule/query_data_exists_handler.go:16.74,17.54 1 0
github.com/kweaver-ai/dsg/services/apps/standardization-backend/api/internal/handler/rule/query_data_exists_handler.go:17.54,19.46 2 0
github.com/kweaver-ai/dsg/services/apps/standardization-backend/api/internal/handler/rule/query_data_exists_handler.go:19.46,22.4 2 0
github.com/kweaver-ai/dsg/services/apps/standardization-backend/api/internal/handler/rule/query_data_exists_handler.go:24.3,26.17 3 0
github.com/kweaver-ai/dsg/services/apps/standardization-backend/api/internal/handler/rule/query_data_exists_handler.go:26.17,28.4 1 0
github.com/kweaver-ai/dsg/services/apps/standardization-backend/api/internal/handler/rule/query_data_exists_handler.go:28.9,30.4 1 0
github.com/kweaver-ai/dsg/services/apps/standardization-backend/api/internal/handler/rule/query_rule_by_ids_handler.go:16.73,17.54 1 0
github.com/kweaver-ai/dsg/services/apps/standardization-backend/api/internal/handler/rule/query_rule_by_ids_handler.go:17.54,19.54 2 0
github.com/kweaver-ai/dsg/services/apps/standardization-backend/api/internal/handler/rule/query_rule_by_ids_handler.go:19.54,22.4 2 0
github.com/kweaver-ai/dsg/services/apps/standardization-backend/api/internal/handler/rule/query_rule_by_ids_handler.go:24.3,26.17 3 0
github.com/kweaver-ai/dsg/services/apps/standardization-backend/api/internal/handler/rule/query_rule_by_ids_handler.go:26.17,28.4 1 0
github.com/kweaver-ai/dsg/services/apps/standardization-backend/api/internal/handler/rule/query_rule_by_ids_handler.go:28.9,30.4 1 0
github.com/kweaver-ai/dsg/services/apps/standardization-backend/api/internal/handler/rule/query_rule_by_std_file_catalog_handler.go:16.84,17.54 1 0
github.com/kweaver-ai/dsg/services/apps/standardization-backend/api/internal/handler/rule/query_rule_by_std_file_catalog_handler.go:17.54,19.46 2 0
github.com/kweaver-ai/dsg/services/apps/standardization-backend/api/internal/handler/rule/query_rule_by_std_file_catalog_handler.go:19.46,22.4 2 0
github.com/kweaver-ai/dsg/services/apps/standardization-backend/api/internal/handler/rule/query_rule_by_std_file_catalog_handler.go:24.3,26.17 3 0
github.com/kweaver-ai/dsg/services/apps/standardization-backend/api/internal/handler/rule/query_rule_by_std_file_catalog_handler.go:26.17,28.4 1 0
github.com/kweaver-ai/dsg/services/apps/standardization-backend/api/internal/handler/rule/query_rule_by_std_file_catalog_handler.go:28.9,30.4 1 0
github.com/kweaver-ai/dsg/services/apps/standardization-backend/api/internal/handler/rule/query_rule_by_std_file_handler.go:17.77,18.54 1 0
github.com/kweaver-ai/dsg/services/apps/standardization-backend/api/internal/handler/rule/query_rule_by_std_file_handler.go:18.54,20.22 2 0
github.com/kweaver-ai/dsg/services/apps/standardization-backend/api/internal/handler/rule/query_rule_by_std_file_handler.go:20.22,23.4 2 0
github.com/kweaver-ai/dsg/services/apps/standardization-backend/api/internal/handler/rule/query_rule_by_std_file_handler.go:24.3,27.46 3 0
github.com/kweaver-ai/dsg/services/apps/standardization-backend/api/internal/handler/rule/query_rule_by_std_file_handler.go:27.46,30.4 2 0
github.com/kweaver-ai/dsg/services/apps/standardization-backend/api/internal/handler/rule/query_rule_by_std_file_handler.go:32.3,34.17 3 0
github.com/kweaver-ai/dsg/services/apps/standardization-backend/api/internal/handler/rule/query_rule_by_std_file_handler.go:34.17,36.4 1 0
github.com/kweaver-ai/dsg/services/apps/standardization-backend/api/internal/handler/rule/query_rule_by_std_file_handler.go:36.9,38.4 1 0
github.com/kweaver-ai/dsg/services/apps/standardization-backend/api/internal/handler/rule/query_rule_used_data_element_handler.go:17.83,18.54 1 0
github.com/kweaver-ai/dsg/services/apps/standardization-backend/api/internal/handler/rule/query_rule_used_data_element_handler.go:18.54,21.17 3 0
github.com/kweaver-ai/dsg/services/apps/standardization-backend/api/internal/handler/rule/query_rule_used_data_element_handler.go:21.17,24.4 2 0
github.com/kweaver-ai/dsg/services/apps/standardization-backend/api/internal/handler/rule/query_rule_used_data_element_handler.go:26.3,27.46 2 0
github.com/kweaver-ai/dsg/services/apps/standardization-backend/api/internal/handler/rule/query_rule_used_data_element_handler.go:27.46,30.4 2 0
github.com/kweaver-ai/dsg/services/apps/standardization-backend/api/internal/handler/rule/query_rule_used_data_element_handler.go:32.3,34.17 3 0
github.com/kweaver-ai/dsg/services/apps/standardization-backend/api/internal/handler/rule/query_rule_used_data_element_handler.go:34.17,36.4 1 0
github.com/kweaver-ai/dsg/services/apps/standardization-backend/api/internal/handler/rule/query_rule_used_data_element_handler.go:36.9,38.4 1 0
github.com/kweaver-ai/dsg/services/apps/standardization-backend/api/internal/handler/rule/query_std_files_by_rule_handler.go:17.78,18.54 1 0
github.com/kweaver-ai/dsg/services/apps/standardization-backend/api/internal/handler/rule/query_std_files_by_rule_handler.go:18.54,21.17 3 0
github.com/kweaver-ai/dsg/services/apps/standardization-backend/api/internal/handler/rule/query_std_files_by_rule_handler.go:21.17,24.4 2 0
github.com/kweaver-ai/dsg/services/apps/standardization-backend/api/internal/handler/rule/query_std_files_by_rule_handler.go:26.3,27.46 2 0
github.com/kweaver-ai/dsg/services/apps/standardization-backend/api/internal/handler/rule/query_std_files_by_rule_handler.go:27.46,30.4 2 0
github.com/kweaver-ai/dsg/services/apps/standardization-backend/api/internal/handler/rule/query_std_files_by_rule_handler.go:32.3,34.17 3 0
github.com/kweaver-ai/dsg/services/apps/standardization-backend/api/internal/handler/rule/query_std_files_by_rule_handler.go:34.17,36.4 1 0
github.com/kweaver-ai/dsg/services/apps/standardization-backend/api/internal/handler/rule/query_std_files_by_rule_handler.go:36.9,38.4 1 0
github.com/kweaver-ai/dsg/services/apps/standardization-backend/api/internal/handler/rule/remove_rule_catalog_handler.go:16.76,17.54 1 0
github.com/kweaver-ai/dsg/services/apps/standardization-backend/api/internal/handler/rule/remove_rule_catalog_handler.go:17.54,19.54 2 0
github.com/kweaver-ai/dsg/services/apps/standardization-backend/api/internal/handler/rule/remove_rule_catalog_handler.go:19.54,22.4 2 0
github.com/kweaver-ai/dsg/services/apps/standardization-backend/api/internal/handler/rule/remove_rule_catalog_handler.go:24.3,26.17 3 0
github.com/kweaver-ai/dsg/services/apps/standardization-backend/api/internal/handler/rule/remove_rule_catalog_handler.go:26.17,28.4 1 0
github.com/kweaver-ai/dsg/services/apps/standardization-backend/api/internal/handler/rule/remove_rule_catalog_handler.go:28.9,30.4 1 0
github.com/kweaver-ai/dsg/services/apps/standardization-backend/api/internal/handler/rule/update_rule_handler.go:17.69,18.54 1 0
github.com/kweaver-ai/dsg/services/apps/standardization-backend/api/internal/handler/rule/update_rule_handler.go:18.54,22.17 3 0
github.com/kweaver-ai/dsg/services/apps/standardization-backend/api/internal/handler/rule/update_rule_handler.go:22.17,25.4 2 0
github.com/kweaver-ai/dsg/services/apps/standardization-backend/api/internal/handler/rule/update_rule_handler.go:27.3,28.46 2 0
github.com/kweaver-ai/dsg/services/apps/standardization-backend/api/internal/handler/rule/update_rule_handler.go:28.46,31.4 2 0
github.com/kweaver-ai/dsg/services/apps/standardization-backend/api/internal/handler/rule/update_rule_handler.go:33.3,35.17 3 0
github.com/kweaver-ai/dsg/services/apps/standardization-backend/api/internal/handler/rule/update_rule_handler.go:35.17,37.4 1 0
github.com/kweaver-ai/dsg/services/apps/standardization-backend/api/internal/handler/rule/update_rule_handler.go:37.9,39.4 1 0
github.com/kweaver-ai/dsg/services/apps/standardization-backend/api/internal/handler/rule/update_rule_state_handler.go:17.74,18.54 1 0
github.com/kweaver-ai/dsg/services/apps/standardization-backend/api/internal/handler/rule/update_rule_state_handler.go:18.54,22.17 3 0
github.com/kweaver-ai/dsg/services/apps/standardization-backend/api/internal/handler/rule/update_rule_state_handler.go:22.17,25.4 2 0
github.com/kweaver-ai/dsg/services/apps/standardization-backend/api/internal/handler/rule/update_rule_state_handler.go:27.3,28.54 2 0
github.com/kweaver-ai/dsg/services/apps/standardization-backend/api/internal/handler/rule/update_rule_state_handler.go:28.54,31.4 2 0
github.com/kweaver-ai/dsg/services/apps/standardization-backend/api/internal/handler/rule/update_rule_state_handler.go:33.3,35.17 3 0
github.com/kweaver-ai/dsg/services/apps/standardization-backend/api/internal/handler/rule/update_rule_state_handler.go:35.17,37.4 1 0
github.com/kweaver-ai/dsg/services/apps/standardization-backend/api/internal/handler/rule/update_rule_state_handler.go:37.9,39.4 1 0
github.com/kweaver-ai/dsg/services/apps/standardization-backend/api/internal/svc/service_context.go:26.57,29.16 2 0
github.com/kweaver-ai/dsg/services/apps/standardization-backend/api/internal/svc/service_context.go:29.16,30.13 1 0
github.com/kweaver-ai/dsg/services/apps/standardization-backend/api/internal/svc/service_context.go:32.2,39.16 6 0
github.com/kweaver-ai/dsg/services/apps/standardization-backend/api/internal/svc/service_context.go:39.16,40.13 1 0
github.com/kweaver-ai/dsg/services/apps/standardization-backend/api/internal/svc/service_context.go:43.2,48.3 1 0
github.com/kweaver-ai/dsg/services/apps/standardization-backend/api/internal/config/config.go:55.45,64.2 1 0
github.com/kweaver-ai/dsg/services/apps/standardization-backend/api/internal/config/config.go:87.36,89.2 1 0
github.com/kweaver-ai/dsg/services/apps/standardization-backend/api/internal/logic/health_check_logic.go:21.93,27.2 1 0
github.com/kweaver-ai/dsg/services/apps/standardization-backend/api/internal/logic/health_check_logic.go:29.78,33.2 1 0
github.com/kweaver-ai/dsg/services/apps/standardization-backend/api/internal/logic/rule/common.go:18.43,20.2 1 0
github.com/kweaver-ai/dsg/services/apps/standardization-backend/api/internal/logic/rule/common.go:23.43,25.2 1 0
github.com/kweaver-ai/dsg/services/apps/standardization-backend/api/internal/logic/rule/common.go:28.36,29.16 1 0
github.com/kweaver-ai/dsg/services/apps/standardization-backend/api/internal/logic/rule/common.go:29.16,31.3 1 0
github.com/kweaver-ai/dsg/services/apps/standardization-backend/api/internal/logic/rule/common.go:32.2,32.40 1 0
github.com/kweaver-ai/dsg/services/apps/standardization-backend/api/internal/logic/rule/common.go:37.111,38.21 1 0
github.com/kweaver-ai/dsg/services/apps/standardization-backend/api/internal/logic/rule/common.go:38.21,40.3 1 0
github.com/kweaver-ai/dsg/services/apps/standardization-backend/api/internal/logic/rule/common.go:41.2,62.3 1 0
github.com/kweaver-ai/dsg/services/apps/standardization-backend/api/internal/logic/rule/common.go:67.85,68.25 1 0
github.com/kweaver-ai/dsg/services/apps/standardization-backend/api/internal/logic/rule/common.go:68.25,70.3 1 0
github.com/kweaver-ai/dsg/services/apps/standardization-backend/api/internal/logic/rule/common.go:72.2,72.13 1 0
github.com/kweaver-ai/dsg/services/apps/standardization-backend/api/internal/logic/rule/common.go:82.89,87.2 1 0
github.com/kweaver-ai/dsg/services/apps/standardization-backend/api/internal/logic/rule/common.go:92.107,98.2 1 0
github.com/kweaver-ai/dsg/services/apps/standardization-backend/api/internal/logic/rule/common.go:102.89,107.2 1 0
github.com/kweaver-ai/dsg/services/apps/standardization-backend/api/internal/logic/rule/common.go:111.105,115.2 1 0
github.com/kweaver-ai/dsg/services/apps/standardization-backend/api/internal/logic/rule/common.go:119.49,123.2 1 0
github.com/kweaver-ai/dsg/services/apps/standardization-backend/api/internal/logic/rule/create_rule_logic.go:47.91,53.2 1 0
github.com/kweaver-ai/dsg/services/apps/standardization-backend/api/internal/logic/rule/create_rule_logic.go:55.98,99.16 5 0
github.com/kweaver-ai/dsg/services/apps/standardization-backend/api/internal/logic/rule/create_rule_logic.go:99.16,101.3 1 0
github.com/kweaver-ai/dsg/services/apps/standardization-backend/api/internal/logic/rule/create_rule_logic.go:102.2,105.29 2 0
github.com/kweaver-ai/dsg/services/apps/standardization-backend/api/internal/logic/rule/create_rule_logic.go:105.29,110.3 1 0
github.com/kweaver-ai/dsg/services/apps/standardization-backend/api/internal/logic/rule/create_rule_logic.go:118.2,119.8 2 0
github.com/kweaver-ai/dsg/services/apps/standardization-backend/api/internal/logic/rule/delete_rule_logic.go:35.91,41.2 1 0
github.com/kweaver-ai/dsg/services/apps/standardization-backend/api/internal/logic/rule/delete_rule_logic.go:43.88,48.19 2 0
github.com/kweaver-ai/dsg/services/apps/standardization-backend/api/internal/logic/rule/delete_rule_logic.go:48.19,50.3 1 0
github.com/kweaver-ai/dsg/services/apps/standardization-backend/api/internal/logic/rule/delete_rule_logic.go:54.2,55.16 2 0
github.com/kweaver-ai/dsg/services/apps/standardization-backend/api/internal/logic/rule/delete_rule_logic.go:55.16,57.3 1 0
github.com/kweaver-ai/dsg/services/apps/standardization-backend/api/internal/logic/rule/delete_rule_logic.go:60.2,61.16 2 0
github.com/kweaver-ai/dsg/services/apps/standardization-backend/api/internal/logic/rule/delete_rule_logic.go:61.16,63.3 1 0
github.com/kweaver-ai/dsg/services/apps/standardization-backend/api/internal/logic/rule/delete_rule_logic.go:69.2,69.32 1 0
github.com/kweaver-ai/dsg/services/apps/standardization-backend/api/internal/logic/rule/delete_rule_logic.go:75.38,76.18 1 0
github.com/kweaver-ai/dsg/services/apps/standardization-backend/api/internal/logic/rule/delete_rule_logic.go:76.18,78.3 1 0
github.com/kweaver-ai/dsg/services/apps/standardization-backend/api/internal/logic/rule/delete_rule_logic.go:80.2,82.29 3 0
github.com/kweaver-ai/dsg/services/apps/standardization-backend/api/internal/logic/rule/delete_rule_logic.go:82.29,84.17 2 0
github.com/kweaver-ai/dsg/services/apps/standardization-backend/api/internal/logic/rule/delete_rule_logic.go:84.17,86.4 1 0
github.com/kweaver-ai/dsg/services/apps/standardization-backend/api/internal/logic/rule/delete_rule_logic.go:88.2,88.12 1 0
github.com/kweaver-ai/dsg/services/apps/standardization-backend/api/internal/logic/rule/get_custom_date_format_logic.go:27.109,33.2 1 0
github.com/kweaver-ai/dsg/services/apps/standardization-backend/api/internal/logic/rule/get_custom_date_format_logic.go:35.104,39.2 1 0
github.com/kweaver-ai/dsg/services/apps/standardization-backend/api/internal/logic/rule/get_rule_detail_by_data_code_logic.go:26.117,32.2 1 0
github.com/kweaver-ai/dsg/services/apps/standardization-backend/api/internal/logic/rule/get_rule_detail_by_data_code_logic.go:34.115,38.17 2 0
github.com/kweaver-ai/dsg/services/apps/standardization-backend/api/internal/logic/rule/get_rule_detail_by_data_code_logic.go:38.17,40.3 1 0
github.com/kweaver-ai/dsg/services/apps/standardization-backend/api/internal/logic/rule/get_rule_detail_by_data_code_logic.go:43.2,43.30 1 0
github.com/kweaver-ai/dsg/services/apps/standardization-backend/api/internal/logic/rule/get_rule_detail_by_data_code_logic.go:47.91,49.16 2 0
github.com/kweaver-ai/dsg/services/apps/standardization-backend/api/internal/logic/rule/get_rule_detail_by_data_code_logic.go:49.16,51.3 1 0
github.com/kweaver-ai/dsg/services/apps/standardization-backend/api/internal/logic/rule/get_rule_detail_by_data_code_logic.go:53.2,54.18 2 0
github.com/kweaver-ai/dsg/services/apps/standardization-backend/api/internal/logic/rule/get_rule_detail_by_data_id_logic.go:26.113,32.2 1 0
github.com/kweaver-ai/dsg/services/apps/standardization-backend/api/internal/logic/rule/get_rule_detail_by_data_id_logic.go:34.108,38.17 2 0
github.com/kweaver-ai/dsg/services/apps/standardization-backend/api/internal/logic/rule/get_rule_detail_by_data_id_logic.go:38.17,40.3 1 0
github.com/kweaver-ai/dsg/services/apps/standardization-backend/api/internal/logic/rule/get_rule_detail_by_data_id_logic.go:43.2,43.30 1 0
github.com/kweaver-ai/dsg/services/apps/standardization-backend/api/internal/logic/rule/get_rule_detail_by_data_id_logic.go:47.89,49.16 2 0
github.com/kweaver-ai/dsg/services/apps/standardization-backend/api/internal/logic/rule/get_rule_detail_by_data_id_logic.go:49.16,51.3 1 0
github.com/kweaver-ai/dsg/services/apps/standardization-backend/api/internal/logic/rule/get_rule_detail_by_data_id_logic.go:53.2,54.18 2 0
github.com/kweaver-ai/dsg/services/apps/standardization-backend/api/internal/logic/rule/get_rule_internal_logic.go:26.101,32.2 1 0
github.com/kweaver-ai/dsg/services/apps/standardization-backend/api/internal/logic/rule/get_rule_internal_logic.go:34.92,37.16 2 0
github.com/kweaver-ai/dsg/services/apps/standardization-backend/api/internal/logic/rule/get_rule_internal_logic.go:37.16,39.3 1 0
github.com/kweaver-ai/dsg/services/apps/standardization-backend/api/internal/logic/rule/get_rule_internal_logic.go:42.2,43.8 2 0
github.com/kweaver-ai/dsg/services/apps/standardization-backend/api/internal/logic/rule/get_rule_logic.go:32.85,38.2 1 0
github.com/kweaver-ai/dsg/services/apps/standardization-backend/api/internal/logic/rule/get_rule_logic.go:40.76,43.35 2 0
github.com/kweaver-ai/dsg/services/apps/standardization-backend/api/internal/logic/rule/get_rule_logic.go:43.35,46.3 1 0
github.com/kweaver-ai/dsg/services/apps/standardization-backend/api/internal/logic/rule/get_rule_logic.go:51.2,97.8 5 0
github.com/kweaver-ai/dsg/services/apps/standardization-backend/api/internal/logic/rule/list_rule_logic.go:31.87,37.2 1 0
github.com/kweaver-ai/dsg/services/apps/standardization-backend/api/internal/logic/rule/list_rule_logic.go:39.98,60.16 4 0
github.com/kweaver-ai/dsg/services/apps/standardization-backend/api/internal/logic/rule/list_rule_logic.go:60.16,62.3 1 0
github.com/kweaver-ai/dsg/services/apps/standardization-backend/api/internal/logic/rule/list_rule_logic.go:66.2,67.26 2 0
github.com/kweaver-ai/dsg/services/apps/standardization-backend/api/internal/logic/rule/list_rule_logic.go:67.26,91.3 2 0
github.com/kweaver-ai/dsg/services/apps/standardization-backend/api/internal/logic/rule/list_rule_logic.go:93.2,96.8 1 0
github.com/kweaver-ai/dsg/services/apps/standardization-backend/api/internal/logic/rule/list_rule_logic.go:102.36,103.13 1 0
github.com/kweaver-ai/dsg/services/apps/standardization-backend/api/internal/logic/rule/list_rule_logic.go:103.13,105.3 1 0
github.com/kweaver-ai/dsg/services/apps/standardization-backend/api/internal/logic/rule/list_rule_logic.go:106.2,106.11 1 0
github.com/kweaver-ai/dsg/services/apps/standardization-backend/api/internal/logic/rule/list_rule_logic.go:110.47,111.20 1 0
github.com/kweaver-ai/dsg/services/apps/standardization-backend/api/internal/logic/rule/list_rule_logic.go:111.20,113.3 1 0
github.com/kweaver-ai/dsg/services/apps/standardization-backend/api/internal/logic/rule/list_rule_logic.go:114.2,115.11 2 0
github.com/kweaver-ai/dsg/services/apps/standardization-backend/api/internal/logic/rule/query_data_exists_logic.go:26.101,32.2 1 0
github.com/kweaver-ai/dsg/services/apps/standardization-backend/api/internal/logic/rule/query_data_exists_logic.go:34.119,47.2 4 0
github.com/kweaver-ai/dsg/services/apps/standardization-backend/api/internal/logic/rule/query_rule_by_ids_logic.go:27.99,33.2 1 0
github.com/kweaver-ai/dsg/services/apps/standardization-backend/api/internal/logic/rule/query_rule_by_ids_logic.go:35.110,37.23 1 0
github.com/kweaver-ai/dsg/services/apps/standardization-backend/api/internal/logic/rule/query_rule_by_ids_logic.go:37.23,43.3 1 0
github.com/kweaver-ai/dsg/services/apps/standardization-backend/api/internal/logic/rule/query_rule_by_ids_logic.go:46.2,47.16 2 0
github.com/kweaver-ai/dsg/services/apps/standardization-backend/api/internal/logic/rule/query_rule_by_ids_logic.go:47.16,49.3 1 0
github.com/kweaver-ai/dsg/services/apps/standardization-backend/api/internal/logic/rule/query_rule_by_ids_logic.go:52.2,53.26 2 0
github.com/kweaver-ai/dsg/services/apps/standardization-backend/api/internal/logic/rule/query_rule_by_ids_logic.go:53.26,77.3 2 0
github.com/kweaver-ai/dsg/services/apps/standardization-backend/api/internal/logic/rule/query_rule_by_ids_logic.go:79.2,82.8 1 0
github.com/kweaver-ai/dsg/services/apps/standardization-backend/api/internal/logic/rule/query_rule_by_std_file_catalog_logic.go:29.121,35.2 1 0
github.com/kweaver-ai/dsg/services/apps/standardization-backend/api/internal/logic/rule/query_rule_by_std_file_catalog_logic.go:37.143,39.25 1 0
github.com/kweaver-ai/dsg/services/apps/standardization-backend/api/internal/logic/rule/query_rule_by_std_file_catalog_logic.go:39.25,41.3 1 0
github.com/kweaver-ai/dsg/services/apps/standardization-backend/api/internal/logic/rule/query_rule_by_std_file_catalog_logic.go:57.2,60.8 1 0
github.com/kweaver-ai/dsg/services/apps/standardization-backend/api/internal/logic/rule/query_rule_by_std_file_catalog_logic.go:64.132,70.2 1 0
github.com/kweaver-ai/dsg/services/apps/standardization-backend/api/internal/logic/rule/query_rule_by_std_file_logic.go:26.107,32.2 1 0
github.com/kweaver-ai/dsg/services/apps/standardization-backend/api/internal/logic/rule/query_rule_by_std_file_logic.go:34.132,37.16 2 0
github.com/kweaver-ai/dsg/services/apps/standardization-backend/api/internal/logic/rule/query_rule_by_std_file_logic.go:37.16,39.3 1 0
github.com/kweaver-ai/dsg/services/apps/standardization-backend/api/internal/logic/rule/query_rule_by_std_file_logic.go:41.2,41.25 1 0
github.com/kweaver-ai/dsg/services/apps/standardization-backend/api/internal/logic/rule/query_rule_by_std_file_logic.go:41.25,46.3 1 0
github.com/kweaver-ai/dsg/services/apps/standardization-backend/api/internal/logic/rule/query_rule_by_std_file_logic.go:49.2,50.30 2 0
github.com/kweaver-ai/dsg/services/apps/standardization-backend/api/internal/logic/rule/query_rule_by_std_file_logic.go:50.30,52.3 1 0
github.com/kweaver-ai/dsg/services/apps/standardization-backend/api/internal/logic/rule/query_rule_by_std_file_logic.go:54.2,55.16 2 0
github.com/kweaver-ai/dsg/services/apps/standardization-backend/api/internal/logic/rule/query_rule_by_std_file_logic.go:55.16,57.3 1 0
github.com/kweaver-ai/dsg/services/apps/standardization-backend/api/internal/logic/rule/query_rule_by_std_file_logic.go:60.2,61.26 2 0
github.com/kweaver-ai/dsg/services/apps/standardization-backend/api/internal/logic/rule/query_rule_by_std_file_logic.go:61.26,85.3 2 0
github.com/kweaver-ai/dsg/services/apps/standardization-backend/api/internal/logic/rule/query_rule_by_std_file_logic.go:87.2,90.8 1 0
github.com/kweaver-ai/dsg/services/apps/standardization-backend/api/internal/logic/rule/query_rule_used_data_element_logic.go:29.119,35.2 1 0
github.com/kweaver-ai/dsg/services/apps/standardization-backend/api/internal/logic/rule/query_rule_used_data_element_logic.go:37.143,40.16 2 0
github.com/kweaver-ai/dsg/services/apps/standardization-backend/api/internal/logic/rule/query_rule_used_data_element_logic.go:40.16,43.3 1 0
github.com/kweaver-ai/dsg/services/apps/standardization-backend/api/internal/logic/rule/query_rule_used_data_element_logic.go:48.2,51.8 1 0
github.com/kweaver-ai/dsg/services/apps/standardization-backend/api/internal/logic/rule/query_std_files_by_rule_logic.go:27.109,33.2 1 0
github.com/kweaver-ai/dsg/services/apps/standardization-backend/api/internal/logic/rule/query_std_files_by_rule_logic.go:35.129,38.16 2 0
github.com/kweaver-ai/dsg/services/apps/standardization-backend/api/internal/logic/rule/query_std_files_by_rule_logic.go:38.16,41.3 1 0
github.com/kweaver-ai/dsg/services/apps/standardization-backend/api/internal/logic/rule/query_std_files_by_rule_logic.go:44.2,45.16 2 0
github.com/kweaver-ai/dsg/services/apps/standardization-backend/api/internal/logic/rule/query_std_files_by_rule_logic.go:45.16,47.3 1 0
github.com/kweaver-ai/dsg/services/apps/standardization-backend/api/internal/logic/rule/query_std_files_by_rule_logic.go:52.2,53.30 2 0
github.com/kweaver-ai/dsg/services/apps/standardization-backend/api/internal/logic/rule/query_std_files_by_rule_logic.go:53.30,55.3 1 0
github.com/kweaver-ai/dsg/services/apps/standardization-backend/api/internal/logic/rule/query_std_files_by_rule_logic.go:57.2,60.8 1 0
github.com/kweaver-ai/dsg/services/apps/standardization-backend/api/internal/logic/rule/remove_rule_catalog_logic.go:32.105,38.2 1 0
github.com/kweaver-ai/dsg/services/apps/standardization-backend/api/internal/logic/rule/remove_rule_catalog_logic.go:40.116,42.23 1 0
github.com/kweaver-ai/dsg/services/apps/standardization-backend/api/internal/logic/rule/remove_rule_catalog_logic.go:42.23,45.3 1 0
github.com/kweaver-ai/dsg/services/apps/standardization-backend/api/internal/logic/rule/remove_rule_catalog_logic.go:53.2,55.16 3 0
github.com/kweaver-ai/dsg/services/apps/standardization-backend/api/internal/logic/rule/remove_rule_catalog_logic.go:55.16,57.3 1 0
github.com/kweaver-ai/dsg/services/apps/standardization-backend/api/internal/logic/rule/remove_rule_catalog_logic.go:63.2,63.32 1 0
github.com/kweaver-ai/dsg/services/apps/standardization-backend/api/internal/logic/rule/update_rule_logic.go:42.91,48.2 1 0
github.com/kweaver-ai/dsg/services/apps/standardization-backend/api/internal/logic/rule/update_rule_logic.go:50.108,53.34 2 0
github.com/kweaver-ai/dsg/services/apps/standardization-backend/api/internal/logic/rule/update_rule_logic.go:53.34,55.3 1 0
github.com/kweaver-ai/dsg/services/apps/standardization-backend/api/internal/logic/rule/update_rule_logic.go:73.2,75.27 2 0
github.com/kweaver-ai/dsg/services/apps/standardization-backend/api/internal/logic/rule/update_rule_logic.go:75.27,78.3 1 0
github.com/kweaver-ai/dsg/services/apps/standardization-backend/api/internal/logic/rule/update_rule_logic.go:81.2,103.16 3 0
github.com/kweaver-ai/dsg/services/apps/standardization-backend/api/internal/logic/rule/update_rule_logic.go:103.16,105.3 1 0
github.com/kweaver-ai/dsg/services/apps/standardization-backend/api/internal/logic/rule/update_rule_logic.go:116.2,116.52 1 0
github.com/kweaver-ai/dsg/services/apps/standardization-backend/api/internal/logic/rule/update_rule_logic.go:123.121,129.2 1 0
github.com/kweaver-ai/dsg/services/apps/standardization-backend/api/internal/logic/rule/update_rule_state_logic.go:37.101,43.2 1 0
github.com/kweaver-ai/dsg/services/apps/standardization-backend/api/internal/logic/rule/update_rule_state_logic.go:45.124,48.16 2 0
github.com/kweaver-ai/dsg/services/apps/standardization-backend/api/internal/logic/rule/update_rule_state_logic.go:48.16,51.3 1 0
github.com/kweaver-ai/dsg/services/apps/standardization-backend/api/internal/logic/rule/update_rule_state_logic.go:54.2,55.43 2 0
github.com/kweaver-ai/dsg/services/apps/standardization-backend/api/internal/logic/rule/update_rule_state_logic.go:55.43,56.42 1 0
github.com/kweaver-ai/dsg/services/apps/standardization-backend/api/internal/logic/rule/update_rule_state_logic.go:56.42,59.4 1 0
github.com/kweaver-ai/dsg/services/apps/standardization-backend/api/internal/logic/rule/update_rule_state_logic.go:63.2,63.76 1 0
github.com/kweaver-ai/dsg/services/apps/standardization-backend/api/internal/logic/rule/update_rule_state_logic.go:63.76,66.3 1 0
github.com/kweaver-ai/dsg/services/apps/standardization-backend/api/internal/logic/rule/update_rule_state_logic.go:69.2,74.43 2 0
github.com/kweaver-ai/dsg/services/apps/standardization-backend/api/internal/logic/rule/update_rule_state_logic.go:74.43,76.3 1 0
github.com/kweaver-ai/dsg/services/apps/standardization-backend/api/internal/logic/rule/update_rule_state_logic.go:76.8,78.3 1 0
github.com/kweaver-ai/dsg/services/apps/standardization-backend/api/internal/logic/rule/update_rule_state_logic.go:80.2,81.16 2 0
github.com/kweaver-ai/dsg/services/apps/standardization-backend/api/internal/logic/rule/update_rule_state_logic.go:81.16,83.3 1 0
github.com/kweaver-ai/dsg/services/apps/standardization-backend/api/internal/logic/rule/update_rule_state_logic.go:90.2,90.32 1 0
github.com/kweaver-ai/dsg/services/apps/standardization-backend/api/internal/handler/health_check_handler.go:14.70,15.54 1 0
github.com/kweaver-ai/dsg/services/apps/standardization-backend/api/internal/handler/health_check_handler.go:15.54,18.17 3 0
github.com/kweaver-ai/dsg/services/apps/standardization-backend/api/internal/handler/health_check_handler.go:18.17,20.4 1 0
github.com/kweaver-ai/dsg/services/apps/standardization-backend/api/internal/handler/health_check_handler.go:20.9,22.4 1 0
github.com/kweaver-ai/dsg/services/apps/standardization-backend/api/internal/handler/routes.go:15.75,140.2 3 0
github.com/kweaver-ai/dsg/services/apps/standardization-backend/api/api.go:22.13,29.52 4 0
github.com/kweaver-ai/dsg/services/apps/standardization-backend/api/api.go:29.52,30.59 1 0
github.com/kweaver-ai/dsg/services/apps/standardization-backend/api/api.go:35.2,55.23 11 0
github.com/kweaver-ai/dsg/services/apps/standardization-backend/api/api.go:55.23,62.3 2 0
github.com/kweaver-ai/dsg/services/apps/standardization-backend/api/api.go:64.2,65.16 2 0
